26997 futex(0x2fa9f50, FUTEX_WAIT_PRIVATE, 0, NULL <unfinished ...>
26999 write(4, ")U\0hLU\17RegisterReplicar=\7\0\0hNU\0031"..., 172032 <unfinished ...>
26917 select(0, NULL, NULL, NULL, {0, 442798} <unfinished ...>
26871 futex(0x7ff31ac90000, FUTEX_WAIT, 0, NULL <unfinished ...>
26917 <... select resumed> )            = 0 (Timeout)
26917 gettimeofday({1396215156, 589003}, NULL) = 0
26917 select(0, NULL, NULL, NULL, {1, 0}) = 0 (Timeout)
26917 gettimeofday({1396215157, 609555}, NULL) = 0
26917 select(0, NULL, NULL, NULL, {1, 0}) = 0 (Timeout)
26917 gettimeofday({1396215158, 614589}, NULL) = 0
26917 select(0, NULL, NULL, NULL, {1, 0}) = 0 (Timeout)
26917 gettimeofday({1396215159, 634624}, NULL) = 0
26917 select(0, NULL, NULL, NULL, {1, 0}) = 0 (Timeout)
26917 gettimeofday({1396215160, 646078}, NULL) = 0
26917 select(0, NULL, NULL, NULL, {1, 0}) = 0 (Timeout)
26917 gettimeofday({1396215161, 655353}, NULL) = 0
26917 select(0, NULL, NULL, NULL, {1, 0}) = 0 (Timeout)
26917 gettimeofday({1396215162, 670304}, NULL) = 0
26917 select(0, NULL, NULL, NULL, {1, 0}) = 0 (Timeout)
26917 gettimeofday({1396215163, 676491}, NULL) = 0
26917 select(0, NULL, NULL, NULL, {1, 0}) = 0 (Timeout)
26917 gettimeofday({1396215164, 680039}, NULL) = 0
26917 select(0, NULL, NULL, NULL, {1, 0}) = 0 (Timeout)
26917 gettimeofday({1396215165, 693239}, NULL) = 0
26917 select(0, NULL, NULL, NULL, {1, 0}) = 0 (Timeout)
26917 gettimeofday({1396215166, 698092}, NULL) = 0
26917 select(0, NULL, NULL, NULL, {1, 0}) = 0 (Timeout)
26917 gettimeofday({1396215167, 704769}, NULL) = 0
26917 select(0, NULL, NULL, NULL, {0, 483482}) = 0 (Timeout)
26917 gettimeofday({1396215168, 202010}, NULL) = 0
26917 gettimeofday({1396215168, 202107}, NULL) = 0
26917 gettimeofday({1396215168, 202182}, NULL) = 0
26917 gettimeofday({1396215168, 202247}, NULL) = 0
26917 gettimeofday({1396215168, 202406}, NULL) = 0
26917 gettimeofday({1396215168, 202514}, NULL) = 0
26917 select(0, NULL, NULL, NULL, {1, 0}) = 0 (Timeout)
26917 gettimeofday({1396215169, 220940}, NULL) = 0
26917 select(0, NULL, NULL, NULL, {1, 0}) = 0 (Timeout)
26917 gettimeofday({1396215170, 232011}, NULL) = 0
26917 select(0, NULL, NULL, NULL, {1, 0}) = 0 (Timeout)
26917 gettimeofday({1396215171, 236518}, NULL) = 0
26917 select(0, NULL, NULL, NULL, {1, 0}) = 0 (Timeout)
26917 gettimeofday({1396215172, 252594}, NULL) = 0
26917 select(0, NULL, NULL, NULL, {1, 0}) = 0 (Timeout)
26917 gettimeofday({1396215173, 256096}, NULL) = 0
26917 select(0, NULL, NULL, NULL, {1, 0}) = 0 (Timeout)
26917 gettimeofday({1396215174, 305740}, NULL) = 0
26917 select(0, NULL, NULL, NULL, {1, 0}) = 0 (Timeout)
26917 gettimeofday({1396215175, 322832}, NULL) = 0
26917 select(0, NULL, NULL, NULL, {1, 0}) = 0 (Timeout)
26917 gettimeofday({1396215176, 338318}, NULL) = 0
26917 select(0, NULL, NULL, NULL, {1, 0}) = 0 (Timeout)
26917 gettimeofday({1396215177, 346346}, NULL) = 0
26917 select(0, NULL, NULL, NULL, {1, 0}) = 0 (Timeout)
26917 gettimeofday({1396215178, 362127}, NULL) = 0
26917 select(0, NULL, NULL, NULL, {1, 0}) = 0 (Timeout)
26917 gettimeofday({1396215179, 409718}, NULL) = 0
26917 select(0, NULL, NULL, NULL, {1, 0}) = 0 (Timeout)
26917 gettimeofday({1396215180, 446615}, NULL) = 0
26917 select(0, NULL, NULL, NULL, {1, 0}) = 0 (Timeout)
26917 gettimeofday({1396215181, 452197}, NULL) = 0
26917 select(0, NULL, NULL, NULL, {1, 0}) = 0 (Timeout)
26917 gettimeofday({1396215182, 475366}, NULL) = 0
26917 select(0, NULL, NULL, NULL, {1, 0}) = 0 (Timeout)
26917 gettimeofday({1396215183, 487182}, NULL) = 0
26917 select(0, NULL, NULL, NULL, {1, 0}) = 0 (Timeout)
26917 gettimeofday({1396215184, 492564}, NULL) = 0
26917 select(0, NULL, NULL, NULL, {1, 0}) = 0 (Timeout)
26917 gettimeofday({1396215185, 506656}, NULL) = 0
26917 select(0, NULL, NULL, NULL, {1, 0}) = 0 (Timeout)
26917 gettimeofday({1396215186, 513811}, NULL) = 0
26917 select(0, NULL, NULL, NULL, {1, 0}) = 0 (Timeout)
26917 gettimeofday({1396215187, 518665}, NULL) = 0
26917 select(0, NULL, NULL, NULL, {1, 0}) = 0 (Timeout)
26917 gettimeofday({1396215188, 523282}, NULL) = 0
26917 select(0, NULL, NULL, NULL, {1, 0}) = 0 (Timeout)
26917 gettimeofday({1396215189, 529238}, NULL) = 0
26917 select(0, NULL, NULL, NULL, {1, 0} <unfinished ...>
