26999 write(4, ")U\0hLU\17RegisterReplicar=\7\0\0hNU\0031"..., 172032 <unfinished ...>
26997 futex(0x2fa9f50, FUTEX_WAIT_PRIVATE, 0, NULL <unfinished ...>
26917 select(0, NULL, NULL, NULL, {0, 832724} <unfinished ...>
26871 futex(0x7ff31ac90000, FUTEX_WAIT, 0, NULL <unfinished ...>
26917 <... select resumed> )            = 0 (Timeout)
26917 gettimeofday({1396214480, 430083}, NULL) = 0
26917 select(0, NULL, NULL, NULL, {1, 0}) = 0 (Timeout)
26917 gettimeofday({1396214481, 446668}, NULL) = 0
26917 select(0, NULL, NULL, NULL, {1, 0}) = 0 (Timeout)
26917 gettimeofday({1396214482, 451620}, NULL) = 0
26917 select(0, NULL, NULL, NULL, {1, 0}) = 0 (Timeout)
26917 gettimeofday({1396214483, 485636}, NULL) = 0
26917 select(0, NULL, NULL, NULL, {1, 0}) = 0 (Timeout)
26917 gettimeofday({1396214484, 533576}, NULL) = 0
26917 select(0, NULL, NULL, NULL, {1, 0}) = 0 (Timeout)
26917 gettimeofday({1396214485, 546756}, NULL) = 0
26917 select(0, NULL, NULL, NULL, {1, 0}) = 0 (Timeout)
26917 gettimeofday({1396214486, 570601}, NULL) = 0
26917 select(0, NULL, NULL, NULL, {1, 0}) = 0 (Timeout)
26917 gettimeofday({1396214487, 571442}, NULL) = 0
26917 select(0, NULL, NULL, NULL, {1, 0}) = 0 (Timeout)
26917 gettimeofday({1396214488, 598284}, NULL) = 0
26917 select(0, NULL, NULL, NULL, {1, 0}) = 0 (Timeout)
26917 gettimeofday({1396214489, 609421}, NULL) = 0
26917 select(0, NULL, NULL, NULL, {1, 0}) = 0 (Timeout)
26917 gettimeofday({1396214490, 626744}, NULL) = 0
26917 select(0, NULL, NULL, NULL, {1, 0}) = 0 (Timeout)
26917 gettimeofday({1396214491, 641841}, NULL) = 0
26917 select(0, NULL, NULL, NULL, {1, 0}) = 0 (Timeout)
26917 gettimeofday({1396214492, 653895}, NULL) = 0
26917 select(0, NULL, NULL, NULL, {1, 0}) = 0 (Timeout)
26917 gettimeofday({1396214493, 665660}, NULL) = 0
26917 select(0, NULL, NULL, NULL, {1, 0}) = 0 (Timeout)
26917 gettimeofday({1396214494, 672627}, NULL) = 0
26917 select(0, NULL, NULL, NULL, {1, 0}) = 0 (Timeout)
26917 gettimeofday({1396214495, 679847}, NULL) = 0
26917 select(0, NULL, NULL, NULL, {1, 0}) = 0 (Timeout)
26917 gettimeofday({1396214496, 685681}, NULL) = 0
26917 select(0, NULL, NULL, NULL, {1, 0}) = 0 (Timeout)
26917 gettimeofday({1396214497, 694802}, NULL) = 0
26917 select(0, NULL, NULL, NULL, {1, 0}) = 0 (Timeout)
26917 gettimeofday({1396214498, 708816}, NULL) = 0
26917 select(0, NULL, NULL, NULL, {1, 0}) = 0 (Timeout)
26917 gettimeofday({1396214499, 752822}, NULL) = 0
26917 select(0, NULL, NULL, NULL, {1, 0}) = 0 (Timeout)
26917 gettimeofday({1396214500, 760678}, NULL) = 0
26917 select(0, NULL, NULL, NULL, {1, 0}) = 0 (Timeout)
26917 gettimeofday({1396214501, 777882}, NULL) = 0
26917 select(0, NULL, NULL, NULL, {1, 0}) = 0 (Timeout)
26917 gettimeofday({1396214502, 794548}, NULL) = 0
26917 select(0, NULL, NULL, NULL, {1, 0}) = 0 (Timeout)
26917 gettimeofday({1396214503, 803867}, NULL) = 0
26917 select(0, NULL, NULL, NULL, {1, 0}) = 0 (Timeout)
26917 gettimeofday({1396214504, 809164}, NULL) = 0
26917 select(0, NULL, NULL, NULL, {1, 0}) = 0 (Timeout)
26917 gettimeofday({1396214505, 815771}, NULL) = 0
26917 select(0, NULL, NULL, NULL, {1, 0}) = 0 (Timeout)
26917 gettimeofday({1396214506, 823801}, NULL) = 0
26917 select(0, NULL, NULL, NULL, {1, 0}) = 0 (Timeout)
26917 gettimeofday({1396214507, 842687}, NULL) = 0
26917 select(0, NULL, NULL, NULL, {0, 304838}) = 0 (Timeout)
26917 gettimeofday({1396214508, 148901}, NULL) = 0
26917 gettimeofday({1396214508, 149002}, NULL) = 0
26917 gettimeofday({1396214508, 149402}, NULL) = 0
26917 gettimeofday({1396214508, 149480}, NULL) = 0
26917 gettimeofday({1396214508, 149542}, NULL) = 0
26917 gettimeofday({1396214508, 149660}, NULL) = 0
26917 select(0, NULL, NULL, NULL, {1, 0}) = 0 (Timeout)
26917 gettimeofday({1396214509, 165524}, NULL) = 0
26917 select(0, NULL, NULL, NULL, {1, 0}) = 0 (Timeout)
26917 gettimeofday({1396214510, 206950}, NULL) = 0
26917 select(0, NULL, NULL, NULL, {1, 0}) = 0 (Timeout)
26917 gettimeofday({1396214511, 219921}, NULL) = 0
26917 select(0, NULL, NULL, NULL, {1, 0}) = 0 (Timeout)
26917 gettimeofday({1396214512, 248462}, NULL) = 0
26917 select(0, NULL, NULL, NULL, {1, 0}) = 0 (Timeout)
26917 gettimeofday({1396214513, 260574}, NULL) = 0
26917 select(0, NULL, NULL, NULL, {1, 0}) = 0 (Timeout)
26917 gettimeofday({1396214514, 276351}, NULL) = 0
26917 select(0, NULL, NULL, NULL, {1, 0}) = 0 (Timeout)
26917 gettimeofday({1396214515, 281932}, NULL) = 0
26917 select(0, NULL, NULL, NULL, {1, 0}) = 0 (Timeout)
26917 gettimeofday({1396214516, 312360}, NULL) = 0
26917 select(0, NULL, NULL, NULL, {1, 0}) = 0 (Timeout)
26917 gettimeofday({1396214517, 318268}, NULL) = 0
26917 select(0, NULL, NULL, NULL, {1, 0}) = 0 (Timeout)
26917 gettimeofday({1396214518, 330983}, NULL) = 0
26917 select(0, NULL, NULL, NULL, {1, 0}) = 0 (Timeout)
26917 gettimeofday({1396214519, 340621}, NULL) = 0
26917 select(0, NULL, NULL, NULL, {1, 0}) = 0 (Timeout)
26917 gettimeofday({1396214520, 345390}, NULL) = 0
26917 select(0, NULL, NULL, NULL, {1, 0}) = 0 (Timeout)
26917 gettimeofday({1396214521, 357020}, NULL) = 0
26917 select(0, NULL, NULL, NULL, {1, 0}) = 0 (Timeout)
26917 gettimeofday({1396214522, 367298}, NULL) = 0
26917 select(0, NULL, NULL, NULL, {1, 0}) = 0 (Timeout)
26917 gettimeofday({1396214523, 374680}, NULL) = 0
26917 select(0, NULL, NULL, NULL, {1, 0}) = 0 (Timeout)
26917 gettimeofday({1396214524, 386251}, NULL) = 0
26917 select(0, NULL, NULL, NULL, {1, 0}) = 0 (Timeout)
26917 gettimeofday({1396214525, 391626}, NULL) = 0
26917 select(0, NULL, NULL, NULL, {1, 0}) = 0 (Timeout)
26917 gettimeofday({1396214526, 399677}, NULL) = 0
26917 select(0, NULL, NULL, NULL, {1, 0}) = 0 (Timeout)
26917 gettimeofday({1396214527, 410725}, NULL) = 0
26917 select(0, NULL, NULL, NULL, {1, 0}) = 0 (Timeout)
26917 gettimeofday({1396214528, 421429}, NULL) = 0
26917 select(0, NULL, NULL, NULL, {1, 0}) = 0 (Timeout)
26917 gettimeofday({1396214529, 476954}, NULL) = 0
26917 select(0, NULL, NULL, NULL, {1, 0}) = 0 (Timeout)
26917 gettimeofday({1396214530, 624127}, NULL) = 0
26917 select(0, NULL, NULL, NULL, {1, 0}) = 0 (Timeout)
26917 gettimeofday({1396214531, 631483}, NULL) = 0
26917 select(0, NULL, NULL, NULL, {1, 0}) = 0 (Timeout)
26917 gettimeofday({1396214532, 653560}, NULL) = 0
26917 select(0, NULL, NULL, NULL, {1, 0}) = 0 (Timeout)
26917 gettimeofday({1396214533, 653956}, NULL) = 0
26917 select(0, NULL, NULL, NULL, {1, 0}) = 0 (Timeout)
26917 gettimeofday({1396214534, 659274}, NULL) = 0
26917 select(0, NULL, NULL, NULL, {1, 0}) = 0 (Timeout)
26917 gettimeofday({1396214535, 683665}, NULL) = 0
26917 select(0, NULL, NULL, NULL, {1, 0}) = 0 (Timeout)
26917 gettimeofday({1396214536, 688188}, NULL) = 0
26917 select(0, NULL, NULL, NULL, {1, 0}) = 0 (Timeout)
26917 gettimeofday({1396214537, 694077}, NULL) = 0
26917 select(0, NULL, NULL, NULL, {1, 0}) = 0 (Timeout)
26917 gettimeofday({1396214538, 696254}, NULL) = 0
26917 select(0, NULL, NULL, NULL, {1, 0}) = 0 (Timeout)
26917 gettimeofday({1396214539, 709988}, NULL) = 0
26917 select(0, NULL, NULL, NULL, {1, 0}) = 0 (Timeout)
26917 gettimeofday({1396214540, 726126}, NULL) = 0
26917 select(0, NULL, NULL, NULL, {1, 0}) = 0 (Timeout)
26917 gettimeofday({1396214541, 735746}, NULL) = 0
26917 select(0, NULL, NULL, NULL, {1, 0}) = 0 (Timeout)
26917 gettimeofday({1396214542, 749466}, NULL) = 0
26917 select(0, NULL, NULL, NULL, {1, 0}) = 0 (Timeout)
26917 gettimeofday({1396214543, 758292}, NULL) = 0
26917 select(0, NULL, NULL, NULL, {1, 0}) = 0 (Timeout)
26917 gettimeofday({1396214544, 769306}, NULL) = 0
26917 select(0, NULL, NULL, NULL, {1, 0}) = 0 (Timeout)
26917 gettimeofday({1396214545, 782615}, NULL) = 0
26917 select(0, NULL, NULL, NULL, {1, 0}) = 0 (Timeout)
26917 gettimeofday({1396214546, 790304}, NULL) = 0
26917 select(0, NULL, NULL, NULL, {1, 0}) = 0 (Timeout)
26917 gettimeofday({1396214547, 804497}, NULL) = 0
26917 select(0, NULL, NULL, NULL, {1, 0}) = 0 (Timeout)
26917 gettimeofday({1396214548, 813893}, NULL) = 0
26917 select(0, NULL, NULL, NULL, {1, 0}) = 0 (Timeout)
26917 gettimeofday({1396214549, 828061}, NULL) = 0
26917 select(0, NULL, NULL, NULL, {1, 0}) = 0 (Timeout)
26917 gettimeofday({1396214550, 854220}, NULL) = 0
26917 select(0, NULL, NULL, NULL, {1, 0}) = 0 (Timeout)
26917 gettimeofday({1396214551, 898245}, NULL) = 0
26917 select(0, NULL, NULL, NULL, {1, 0}) = 0 (Timeout)
26917 gettimeofday({1396214552, 906793}, NULL) = 0
26917 select(0, NULL, NULL, NULL, {1, 0}) = 0 (Timeout)
26917 gettimeofday({1396214553, 919634}, NULL) = 0
26917 select(0, NULL, NULL, NULL, {1, 0}) = 0 (Timeout)
26917 gettimeofday({1396214554, 930981}, NULL) = 0
26917 select(0, NULL, NULL, NULL, {1, 0}) = 0 (Timeout)
26917 gettimeofday({1396214555, 936305}, NULL) = 0
26917 select(0, NULL, NULL, NULL, {1, 0}) = 0 (Timeout)
26917 gettimeofday({1396214556, 945599}, NULL) = 0
26917 select(0, NULL, NULL, NULL, {1, 0}) = 0 (Timeout)
26917 gettimeofday({1396214557, 955498}, NULL) = 0
26917 select(0, NULL, NULL, NULL, {1, 0}) = 0 (Timeout)
26917 gettimeofday({1396214558, 981575}, NULL) = 0
26917 select(0, NULL, NULL, NULL, {1, 0}) = 0 (Timeout)
26917 gettimeofday({1396214559, 996548}, NULL) = 0
26917 select(0, NULL, NULL, NULL, {1, 0}) = 0 (Timeout)
26917 gettimeofday({1396214561, 1454}, NULL) = 0
26917 select(0, NULL, NULL, NULL, {1, 0}) = 0 (Timeout)
26917 gettimeofday({1396214562, 6598}, NULL) = 0
26917 select(0, NULL, NULL, NULL, {1, 0}) = 0 (Timeout)
26917 gettimeofday({1396214563, 24758}, NULL) = 0
26917 select(0, NULL, NULL, NULL, {1, 0}) = 0 (Timeout)
26917 gettimeofday({1396214564, 31066}, NULL) = 0
26917 select(0, NULL, NULL, NULL, {1, 0}) = 0 (Timeout)
26917 gettimeofday({1396214565, 37780}, NULL) = 0
26917 select(0, NULL, NULL, NULL, {1, 0}) = 0 (Timeout)
26917 gettimeofday({1396214566, 43441}, NULL) = 0
26917 select(0, NULL, NULL, NULL, {1, 0}) = 0 (Timeout)
26917 gettimeofday({1396214567, 48564}, NULL) = 0
26917 select(0, NULL, NULL, NULL, {1, 0}) = 0 (Timeout)
26917 gettimeofday({1396214568, 61589}, NULL) = 0
26917 gettimeofday({1396214568, 61654}, NULL) = 0
26917 gettimeofday({1396214568, 61708}, NULL) = 0
26917 gettimeofday({1396214568, 61761}, NULL) = 0
26917 gettimeofday({1396214568, 61814}, NULL) = 0
26917 gettimeofday({1396214568, 61866}, NULL) = 0
26917 gettimeofday({1396214568, 61919}, NULL) = 0
26917 gettimeofday({1396214568, 61971}, NULL) = 0
26917 gettimeofday({1396214568, 62028}, NULL) = 0
26917 gettimeofday({1396214568, 68332}, NULL) = 0
26917 gettimeofday({1396214568, 68419}, NULL) = 0
26917 gettimeofday({1396214568, 68765}, NULL) = 0
26917 gettimeofday({1396214568, 68847}, NULL) = 0
26917 gettimeofday({1396214568, 69240}, NULL) = 0
26917 gettimeofday({1396214568, 69337}, NULL) = 0
26917 gettimeofday({1396214568, 69391}, NULL) = 0
26917 gettimeofday({1396214568, 69445}, NULL) = 0
26917 gettimeofday({1396214568, 69502}, NULL) = 0
26917 gettimeofday({1396214568, 69557}, NULL) = 0
26917 gettimeofday({1396214568, 69610}, NULL) = 0
26917 gettimeofday({1396214568, 69663}, NULL) = 0
26917 gettimeofday({1396214568, 69715}, NULL) = 0
26917 gettimeofday({1396214568, 69897}, NULL) = 0
26917 gettimeofday({1396214568, 69969}, NULL) = 0
26917 gettimeofday({1396214568, 70128}, NULL) = 0
26917 gettimeofday({1396214568, 70193}, NULL) = 0
26917 gettimeofday({1396214568, 70260}, NULL) = 0
26917 gettimeofday({1396214568, 70628}, NULL) = 0
26917 gettimeofday({1396214568, 70684}, NULL) = 0
26917 gettimeofday({1396214568, 70737}, NULL) = 0
26917 gettimeofday({1396214568, 70970}, NULL) = 0
26917 gettimeofday({1396214568, 71045}, NULL) = 0
26917 gettimeofday({1396214568, 71104}, NULL) = 0
26917 gettimeofday({1396214568, 71470}, NULL) = 0
26917 gettimeofday({1396214568, 71530}, NULL) = 0
26917 gettimeofday({1396214568, 71583}, NULL) = 0
26917 gettimeofday({1396214568, 71839}, NULL) = 0
26917 gettimeofday({1396214568, 71894}, NULL) = 0
26917 gettimeofday({1396214568, 71947}, NULL) = 0
26917 gettimeofday({1396214568, 72000}, NULL) = 0
26917 gettimeofday({1396214568, 72156}, NULL) = 0
26917 gettimeofday({1396214568, 72247}, NULL) = 0
26917 gettimeofday({1396214568, 72375}, NULL) = 0
26917 gettimeofday({1396214568, 72429}, NULL) = 0
26917 gettimeofday({1396214568, 72527}, NULL) = 0
26917 gettimeofday({1396214568, 73083}, NULL) = 0
26917 gettimeofday({1396214568, 73152}, NULL) = 0
26917 gettimeofday({1396214568, 73206}, NULL) = 0
26917 gettimeofday({1396214568, 73313}, NULL) = 0
26917 gettimeofday({1396214568, 73370}, NULL) = 0
26917 gettimeofday({1396214568, 73639}, NULL) = 0
26917 gettimeofday({1396214568, 73709}, NULL) = 0
26917 gettimeofday({1396214568, 73762}, NULL) = 0
26917 gettimeofday({1396214568, 73815}, NULL) = 0
26917 gettimeofday({1396214568, 73867}, NULL) = 0
26917 gettimeofday({1396214568, 73919}, NULL) = 0
26917 gettimeofday({1396214568, 73971}, NULL) = 0
26917 gettimeofday({1396214568, 74022}, NULL) = 0
26917 gettimeofday({1396214568, 74083}, NULL) = 0
26917 gettimeofday({1396214568, 74135}, NULL) = 0
26917 gettimeofday({1396214568, 74188}, NULL) = 0
26917 gettimeofday({1396214568, 74253}, NULL) = 0
26917 gettimeofday({1396214568, 74331}, NULL) = 0
26917 gettimeofday({1396214568, 74385}, NULL) = 0
26917 gettimeofday({1396214568, 74437}, NULL) = 0
26917 gettimeofday({1396214568, 74540}, NULL) = 0
26917 gettimeofday({1396214568, 74605}, NULL) = 0
26917 gettimeofday({1396214568, 74658}, NULL) = 0
26917 gettimeofday({1396214568, 74759}, NULL) = 0
26917 gettimeofday({1396214568, 74816}, NULL) = 0
26917 gettimeofday({1396214568, 74869}, NULL) = 0
26917 gettimeofday({1396214568, 74921}, NULL) = 0
26917 gettimeofday({1396214568, 74974}, NULL) = 0
26917 gettimeofday({1396214568, 75739}, NULL) = 0
26917 gettimeofday({1396214568, 75859}, NULL) = 0
26917 gettimeofday({1396214568, 75919}, NULL) = 0
26917 gettimeofday({1396214568, 75973}, NULL) = 0
26917 gettimeofday({1396214568, 76026}, NULL) = 0
26917 gettimeofday({1396214568, 76086}, NULL) = 0
26917 gettimeofday({1396214568, 76139}, NULL) = 0
26917 gettimeofday({1396214568, 76191}, NULL) = 0
26917 gettimeofday({1396214568, 76256}, NULL) = 0
26917 gettimeofday({1396214568, 76333}, NULL) = 0
26917 gettimeofday({1396214568, 76386}, NULL) = 0
26917 gettimeofday({1396214568, 76439}, NULL) = 0
26917 gettimeofday({1396214568, 76495}, NULL) = 0
26917 gettimeofday({1396214568, 76549}, NULL) = 0
26917 gettimeofday({1396214568, 76601}, NULL) = 0
26917 gettimeofday({1396214568, 76653}, NULL) = 0
26917 gettimeofday({1396214568, 76705}, NULL) = 0
26917 gettimeofday({1396214568, 76756}, NULL) = 0
26917 gettimeofday({1396214568, 76862}, NULL) = 0
26917 gettimeofday({1396214568, 76970}, NULL) = 0
26917 gettimeofday({1396214568, 77029}, NULL) = 0
26917 gettimeofday({1396214568, 77089}, NULL) = 0
26917 gettimeofday({1396214568, 77141}, NULL) = 0
26917 gettimeofday({1396214568, 77194}, NULL) = 0
26917 gettimeofday({1396214568, 77260}, NULL) = 0
26917 gettimeofday({1396214568, 77335}, NULL) = 0
26917 gettimeofday({1396214568, 77389}, NULL) = 0
26917 gettimeofday({1396214568, 77441}, NULL) = 0
26917 gettimeofday({1396214568, 77618}, NULL) = 0
26917 gettimeofday({1396214568, 77680}, NULL) = 0
26917 gettimeofday({1396214568, 77733}, NULL) = 0
26917 gettimeofday({1396214568, 77785}, NULL) = 0
26917 gettimeofday({1396214568, 77837}, NULL) = 0
26917 gettimeofday({1396214568, 81045}, NULL) = 0
26917 gettimeofday({1396214568, 81245}, NULL) = 0
26917 gettimeofday({1396214568, 81362}, NULL) = 0
26917 gettimeofday({1396214568, 81419}, NULL) = 0
26917 gettimeofday({1396214568, 81473}, NULL) = 0
26917 gettimeofday({1396214568, 81530}, NULL) = 0
26917 gettimeofday({1396214568, 81583}, NULL) = 0
26917 gettimeofday({1396214568, 81665}, NULL) = 0
26917 gettimeofday({1396214568, 81718}, NULL) = 0
26917 gettimeofday({1396214568, 81771}, NULL) = 0
26917 gettimeofday({1396214568, 81824}, NULL) = 0
26917 gettimeofday({1396214568, 81877}, NULL) = 0
26917 gettimeofday({1396214568, 81929}, NULL) = 0
26917 gettimeofday({1396214568, 81982}, NULL) = 0
26917 gettimeofday({1396214568, 82158}, NULL) = 0
26917 gettimeofday({1396214568, 82304}, NULL) = 0
26917 gettimeofday({1396214568, 82366}, NULL) = 0
26917 gettimeofday({1396214568, 82419}, NULL) = 0
26917 gettimeofday({1396214568, 82472}, NULL) = 0
26917 gettimeofday({1396214568, 82530}, NULL) = 0
26917 gettimeofday({1396214568, 82583}, NULL) = 0
26917 gettimeofday({1396214568, 82635}, NULL) = 0
26917 gettimeofday({1396214568, 82687}, NULL) = 0
26917 gettimeofday({1396214568, 82739}, NULL) = 0
26917 gettimeofday({1396214568, 82809}, NULL) = 0
26917 gettimeofday({1396214568, 82862}, NULL) = 0
26917 gettimeofday({1396214568, 82914}, NULL) = 0
26917 gettimeofday({1396214568, 82966}, NULL) = 0
26917 gettimeofday({1396214568, 83018}, NULL) = 0
26917 gettimeofday({1396214568, 83077}, NULL) = 0
26917 gettimeofday({1396214568, 83130}, NULL) = 0
26917 gettimeofday({1396214568, 83421}, NULL) = 0
26917 gettimeofday({1396214568, 83478}, NULL) = 0
26917 gettimeofday({1396214568, 83535}, NULL) = 0
26917 gettimeofday({1396214568, 83587}, NULL) = 0
26917 gettimeofday({1396214568, 83639}, NULL) = 0
26917 gettimeofday({1396214568, 83691}, NULL) = 0
26917 gettimeofday({1396214568, 83744}, NULL) = 0
26917 gettimeofday({1396214568, 83796}, NULL) = 0
26917 gettimeofday({1396214568, 83850}, NULL) = 0
26917 gettimeofday({1396214568, 83903}, NULL) = 0
26917 gettimeofday({1396214568, 83955}, NULL) = 0
26917 gettimeofday({1396214568, 84007}, NULL) = 0
26917 gettimeofday({1396214568, 84066}, NULL) = 0
26917 gettimeofday({1396214568, 84120}, NULL) = 0
26917 gettimeofday({1396214568, 84173}, NULL) = 0
26917 gettimeofday({1396214568, 84237}, NULL) = 0
26917 gettimeofday({1396214568, 85547}, NULL) = 0
26917 gettimeofday({1396214568, 85604}, NULL) = 0
26917 gettimeofday({1396214568, 85657}, NULL) = 0
26917 gettimeofday({1396214568, 85709}, NULL) = 0
26917 gettimeofday({1396214568, 85762}, NULL) = 0
26917 gettimeofday({1396214568, 85814}, NULL) = 0
26917 gettimeofday({1396214568, 85866}, NULL) = 0
26917 gettimeofday({1396214568, 85918}, NULL) = 0
26917 gettimeofday({1396214568, 85970}, NULL) = 0
26917 gettimeofday({1396214568, 86022}, NULL) = 0
26917 gettimeofday({1396214568, 86083}, NULL) = 0
26917 gettimeofday({1396214568, 86136}, NULL) = 0
26917 gettimeofday({1396214568, 86188}, NULL) = 0
26917 gettimeofday({1396214568, 86253}, NULL) = 0
26917 gettimeofday({1396214568, 86330}, NULL) = 0
26917 gettimeofday({1396214568, 86383}, NULL) = 0
26917 gettimeofday({1396214568, 86436}, NULL) = 0
26917 gettimeofday({1396214568, 86636}, NULL) = 0
26917 gettimeofday({1396214568, 86701}, NULL) = 0
26917 gettimeofday({1396214568, 86754}, NULL) = 0
26917 gettimeofday({1396214568, 86806}, NULL) = 0
26917 gettimeofday({1396214568, 86858}, NULL) = 0
26917 gettimeofday({1396214568, 86911}, NULL) = 0
26917 gettimeofday({1396214568, 86964}, NULL) = 0
26917 gettimeofday({1396214568, 87016}, NULL) = 0
26917 gettimeofday({1396214568, 87080}, NULL) = 0
26917 gettimeofday({1396214568, 87133}, NULL) = 0
26917 gettimeofday({1396214568, 87186}, NULL) = 0
26917 gettimeofday({1396214568, 87251}, NULL) = 0
26917 gettimeofday({1396214568, 87326}, NULL) = 0
26917 gettimeofday({1396214568, 87380}, NULL) = 0
26917 gettimeofday({1396214568, 87432}, NULL) = 0
26917 gettimeofday({1396214568, 87486}, NULL) = 0
26917 gettimeofday({1396214568, 87540}, NULL) = 0
26917 gettimeofday({1396214568, 87738}, NULL) = 0
26917 gettimeofday({1396214568, 87805}, NULL) = 0
26917 gettimeofday({1396214568, 87858}, NULL) = 0
26917 gettimeofday({1396214568, 87911}, NULL) = 0
26917 gettimeofday({1396214568, 87963}, NULL) = 0
26917 gettimeofday({1396214568, 88014}, NULL) = 0
26917 gettimeofday({1396214568, 88075}, NULL) = 0
26917 gettimeofday({1396214568, 88129}, NULL) = 0
26917 gettimeofday({1396214568, 88182}, NULL) = 0
26917 gettimeofday({1396214568, 88246}, NULL) = 0
26917 gettimeofday({1396214568, 88323}, NULL) = 0
26917 gettimeofday({1396214568, 88377}, NULL) = 0
26917 gettimeofday({1396214568, 88429}, NULL) = 0
26917 gettimeofday({1396214568, 88484}, NULL) = 0
26917 gettimeofday({1396214568, 88540}, NULL) = 0
26917 gettimeofday({1396214568, 88593}, NULL) = 0
26917 gettimeofday({1396214568, 88646}, NULL) = 0
26917 gettimeofday({1396214568, 88840}, NULL) = 0
26917 gettimeofday({1396214568, 88907}, NULL) = 0
26917 gettimeofday({1396214568, 88960}, NULL) = 0
26917 gettimeofday({1396214568, 89011}, NULL) = 0
26917 gettimeofday({1396214568, 89073}, NULL) = 0
26917 gettimeofday({1396214568, 89127}, NULL) = 0
26917 gettimeofday({1396214568, 89179}, NULL) = 0
26917 gettimeofday({1396214568, 89453}, NULL) = 0
26917 gettimeofday({1396214568, 89534}, NULL) = 0
26917 gettimeofday({1396214568, 89587}, NULL) = 0
26917 gettimeofday({1396214568, 89640}, NULL) = 0
26917 gettimeofday({1396214568, 89692}, NULL) = 0
26917 gettimeofday({1396214568, 89744}, NULL) = 0
26917 gettimeofday({1396214568, 90820}, NULL) = 0
26917 gettimeofday({1396214568, 91256}, NULL) = 0
26917 gettimeofday({1396214568, 91852}, NULL) = 0
26917 gettimeofday({1396214568, 91909}, NULL) = 0
26917 gettimeofday({1396214568, 91962}, NULL) = 0
26917 gettimeofday({1396214568, 92014}, NULL) = 0
26917 gettimeofday({1396214568, 92661}, NULL) = 0
26917 gettimeofday({1396214568, 92718}, NULL) = 0
26917 gettimeofday({1396214568, 92771}, NULL) = 0
26917 gettimeofday({1396214568, 92823}, NULL) = 0
26917 gettimeofday({1396214568, 92875}, NULL) = 0
26917 gettimeofday({1396214568, 92927}, NULL) = 0
26917 gettimeofday({1396214568, 92978}, NULL) = 0
26917 gettimeofday({1396214568, 93031}, NULL) = 0
26917 gettimeofday({1396214568, 93090}, NULL) = 0
26917 gettimeofday({1396214568, 93940}, NULL) = 0
26917 gettimeofday({1396214568, 94865}, NULL) = 0
26917 gettimeofday({1396214568, 94925}, NULL) = 0
26917 gettimeofday({1396214568, 94979}, NULL) = 0
26917 gettimeofday({1396214568, 95034}, NULL) = 0
26917 gettimeofday({1396214568, 95094}, NULL) = 0
26917 gettimeofday({1396214568, 95148}, NULL) = 0
26917 gettimeofday({1396214568, 95200}, NULL) = 0
26917 gettimeofday({1396214568, 95357}, NULL) = 0
26917 gettimeofday({1396214568, 95412}, NULL) = 0
26917 gettimeofday({1396214568, 95465}, NULL) = 0
26917 gettimeofday({1396214568, 95522}, NULL) = 0
26917 gettimeofday({1396214568, 95575}, NULL) = 0
26917 gettimeofday({1396214568, 95627}, NULL) = 0
26917 gettimeofday({1396214568, 95680}, NULL) = 0
26917 gettimeofday({1396214568, 95731}, NULL) = 0
26917 gettimeofday({1396214568, 95869}, NULL) = 0
26917 gettimeofday({1396214568, 95985}, NULL) = 0
26917 gettimeofday({1396214568, 96043}, NULL) = 0
26917 gettimeofday({1396214568, 96101}, NULL) = 0
26917 gettimeofday({1396214568, 96154}, NULL) = 0
26917 gettimeofday({1396214568, 96206}, NULL) = 0
26917 gettimeofday({1396214568, 96291}, NULL) = 0
26917 gettimeofday({1396214568, 96353}, NULL) = 0
26917 gettimeofday({1396214568, 96406}, NULL) = 0
26917 gettimeofday({1396214568, 96457}, NULL) = 0
26917 gettimeofday({1396214568, 96516}, NULL) = 0
26917 gettimeofday({1396214568, 96568}, NULL) = 0
26917 gettimeofday({1396214568, 96620}, NULL) = 0
26917 gettimeofday({1396214568, 96672}, NULL) = 0
26917 gettimeofday({1396214568, 96724}, NULL) = 0
26917 gettimeofday({1396214568, 96776}, NULL) = 0
26917 gettimeofday({1396214568, 96827}, NULL) = 0
26917 gettimeofday({1396214568, 96879}, NULL) = 0
26917 gettimeofday({1396214568, 97075}, NULL) = 0
26917 gettimeofday({1396214568, 97134}, NULL) = 0
26917 gettimeofday({1396214568, 97188}, NULL) = 0
26917 gettimeofday({1396214568, 97254}, NULL) = 0
26917 gettimeofday({1396214568, 97332}, NULL) = 0
26917 gettimeofday({1396214568, 97386}, NULL) = 0
26917 gettimeofday({1396214568, 97438}, NULL) = 0
26917 gettimeofday({1396214568, 97495}, NULL) = 0
26917 gettimeofday({1396214568, 97555}, NULL) = 0
26917 gettimeofday({1396214568, 97612}, NULL) = 0
26917 gettimeofday({1396214568, 97664}, NULL) = 0
26917 gettimeofday({1396214568, 97715}, NULL) = 0
26917 gettimeofday({1396214568, 97766}, NULL) = 0
26917 gettimeofday({1396214568, 97817}, NULL) = 0
26917 gettimeofday({1396214568, 97867}, NULL) = 0
26917 gettimeofday({1396214568, 97918}, NULL) = 0
26917 gettimeofday({1396214568, 97968}, NULL) = 0
26917 gettimeofday({1396214568, 98138}, NULL) = 0
26917 gettimeofday({1396214568, 98207}, NULL) = 0
26917 gettimeofday({1396214568, 98296}, NULL) = 0
26917 gettimeofday({1396214568, 98364}, NULL) = 0
26917 gettimeofday({1396214568, 98423}, NULL) = 0
26917 gettimeofday({1396214568, 98487}, NULL) = 0
26917 gettimeofday({1396214568, 98554}, NULL) = 0
26917 gettimeofday({1396214568, 98618}, NULL) = 0
26917 gettimeofday({1396214568, 98686}, NULL) = 0
26917 gettimeofday({1396214568, 98750}, NULL) = 0
26917 gettimeofday({1396214568, 98809}, NULL) = 0
26917 gettimeofday({1396214568, 98893}, NULL) = 0
26917 gettimeofday({1396214568, 98957}, NULL) = 0
26917 gettimeofday({1396214568, 99018}, NULL) = 0
26917 gettimeofday({1396214568, 99087}, NULL) = 0
26917 gettimeofday({1396214568, 99238}, NULL) = 0
26917 gettimeofday({1396214568, 99335}, NULL) = 0
26917 gettimeofday({1396214568, 99409}, NULL) = 0
26917 gettimeofday({1396214568, 99480}, NULL) = 0
26917 gettimeofday({1396214568, 99554}, NULL) = 0
26917 gettimeofday({1396214568, 99632}, NULL) = 0
26917 gettimeofday({1396214568, 99782}, NULL) = 0
26917 gettimeofday({1396214568, 99840}, NULL) = 0
26917 gettimeofday({1396214568, 99881}, NULL) = 0
26917 gettimeofday({1396214568, 99921}, NULL) = 0
26917 gettimeofday({1396214568, 99960}, NULL) = 0
26917 gettimeofday({1396214568, 100000}, NULL) = 0
26917 gettimeofday({1396214568, 100039}, NULL) = 0
26917 gettimeofday({1396214568, 100078}, NULL) = 0
26917 gettimeofday({1396214568, 100126}, NULL) = 0
26917 gettimeofday({1396214568, 100188}, NULL) = 0
26917 gettimeofday({1396214568, 100333}, NULL) = 0
26917 gettimeofday({1396214568, 100384}, NULL) = 0
26917 gettimeofday({1396214568, 100425}, NULL) = 0
26917 gettimeofday({1396214568, 100465}, NULL) = 0
26917 gettimeofday({1396214568, 100504}, NULL) = 0
26917 gettimeofday({1396214568, 100543}, NULL) = 0
26917 gettimeofday({1396214568, 100582}, NULL) = 0
26917 gettimeofday({1396214568, 100621}, NULL) = 0
26917 gettimeofday({1396214568, 100660}, NULL) = 0
26917 gettimeofday({1396214568, 100699}, NULL) = 0
26917 gettimeofday({1396214568, 100738}, NULL) = 0
26917 gettimeofday({1396214568, 100854}, NULL) = 0
26917 gettimeofday({1396214568, 100953}, NULL) = 0
26917 gettimeofday({1396214568, 100996}, NULL) = 0
26917 gettimeofday({1396214568, 101036}, NULL) = 0
26917 gettimeofday({1396214568, 101075}, NULL) = 0
26917 gettimeofday({1396214568, 101115}, NULL) = 0
26917 gettimeofday({1396214568, 101155}, NULL) = 0
26917 gettimeofday({1396214568, 101194}, NULL) = 0
26917 gettimeofday({1396214568, 101246}, NULL) = 0
26917 gettimeofday({1396214568, 101307}, NULL) = 0
26917 gettimeofday({1396214568, 101351}, NULL) = 0
26917 gettimeofday({1396214568, 101445}, NULL) = 0
26917 gettimeofday({1396214568, 101487}, NULL) = 0
26917 gettimeofday({1396214568, 101539}, NULL) = 0
26917 gettimeofday({1396214568, 101593}, NULL) = 0
26917 gettimeofday({1396214568, 101633}, NULL) = 0
26917 gettimeofday({1396214568, 101672}, NULL) = 0
26917 gettimeofday({1396214568, 101712}, NULL) = 0
26917 gettimeofday({1396214568, 101751}, NULL) = 0
26917 gettimeofday({1396214568, 101790}, NULL) = 0
26917 gettimeofday({1396214568, 101832}, NULL) = 0
26917 gettimeofday({1396214568, 101939}, NULL) = 0
26917 gettimeofday({1396214568, 102066}, NULL) = 0
26917 gettimeofday({1396214568, 102121}, NULL) = 0
26917 gettimeofday({1396214568, 102162}, NULL) = 0
26917 gettimeofday({1396214568, 102202}, NULL) = 0
26917 gettimeofday({1396214568, 102257}, NULL) = 0
26917 gettimeofday({1396214568, 102341}, NULL) = 0
26917 gettimeofday({1396214568, 102391}, NULL) = 0
26917 gettimeofday({1396214568, 102431}, NULL) = 0
26917 gettimeofday({1396214568, 102524}, NULL) = 0
26917 gettimeofday({1396214568, 102582}, NULL) = 0
26917 gettimeofday({1396214568, 102623}, NULL) = 0
26917 gettimeofday({1396214568, 102663}, NULL) = 0
26917 gettimeofday({1396214568, 102702}, NULL) = 0
26917 gettimeofday({1396214568, 102742}, NULL) = 0
26917 gettimeofday({1396214568, 102793}, NULL) = 0
26917 gettimeofday({1396214568, 102834}, NULL) = 0
26917 gettimeofday({1396214568, 102874}, NULL) = 0
26917 gettimeofday({1396214568, 102913}, NULL) = 0
26917 gettimeofday({1396214568, 102994}, NULL) = 0
26917 gettimeofday({1396214568, 103059}, NULL) = 0
26917 gettimeofday({1396214568, 103149}, NULL) = 0
26917 gettimeofday({1396214568, 103215}, NULL) = 0
26917 gettimeofday({1396214568, 103270}, NULL) = 0
26917 gettimeofday({1396214568, 103339}, NULL) = 0
26917 gettimeofday({1396214568, 103379}, NULL) = 0
26917 gettimeofday({1396214568, 103419}, NULL) = 0
26917 gettimeofday({1396214568, 103458}, NULL) = 0
26917 gettimeofday({1396214568, 103511}, NULL) = 0
26917 gettimeofday({1396214568, 103553}, NULL) = 0
26917 gettimeofday({1396214568, 103643}, NULL) = 0
26917 gettimeofday({1396214568, 103689}, NULL) = 0
26917 gettimeofday({1396214568, 103729}, NULL) = 0
26917 gettimeofday({1396214568, 103768}, NULL) = 0
26917 gettimeofday({1396214568, 103808}, NULL) = 0
26917 gettimeofday({1396214568, 103847}, NULL) = 0
26917 gettimeofday({1396214568, 103886}, NULL) = 0
26917 gettimeofday({1396214568, 103926}, NULL) = 0
26917 gettimeofday({1396214568, 103965}, NULL) = 0
26917 gettimeofday({1396214568, 104004}, NULL) = 0
26917 gettimeofday({1396214568, 104055}, NULL) = 0
26917 gettimeofday({1396214568, 104138}, NULL) = 0
26917 gettimeofday({1396214568, 104179}, NULL) = 0
26917 gettimeofday({1396214568, 104260}, NULL) = 0
26917 gettimeofday({1396214568, 104340}, NULL) = 0
26917 gettimeofday({1396214568, 104381}, NULL) = 0
26917 gettimeofday({1396214568, 104421}, NULL) = 0
26917 gettimeofday({1396214568, 104461}, NULL) = 0
26917 gettimeofday({1396214568, 104500}, NULL) = 0
26917 gettimeofday({1396214568, 104539}, NULL) = 0
26917 gettimeofday({1396214568, 104578}, NULL) = 0
26917 gettimeofday({1396214568, 104618}, NULL) = 0
26917 gettimeofday({1396214568, 104657}, NULL) = 0
26917 gettimeofday({1396214568, 104747}, NULL) = 0
26917 gettimeofday({1396214568, 104792}, NULL) = 0
26917 gettimeofday({1396214568, 104832}, NULL) = 0
26917 gettimeofday({1396214568, 104872}, NULL) = 0
26917 gettimeofday({1396214568, 104911}, NULL) = 0
26917 gettimeofday({1396214568, 104950}, NULL) = 0
26917 gettimeofday({1396214568, 104993}, NULL) = 0
26917 gettimeofday({1396214568, 105040}, NULL) = 0
26917 gettimeofday({1396214568, 105080}, NULL) = 0
26917 gettimeofday({1396214568, 105119}, NULL) = 0
26917 gettimeofday({1396214568, 105208}, NULL) = 0
26917 gettimeofday({1396214568, 105265}, NULL) = 0
26917 gettimeofday({1396214568, 105341}, NULL) = 0
26917 gettimeofday({1396214568, 105415}, NULL) = 0
26917 gettimeofday({1396214568, 105472}, NULL) = 0
26917 gettimeofday({1396214568, 105514}, NULL) = 0
26917 gettimeofday({1396214568, 105554}, NULL) = 0
26917 gettimeofday({1396214568, 105593}, NULL) = 0
26917 gettimeofday({1396214568, 105632}, NULL) = 0
26917 gettimeofday({1396214568, 105672}, NULL) = 0
26917 gettimeofday({1396214568, 105711}, NULL) = 0
26917 gettimeofday({1396214568, 105750}, NULL) = 0
26917 gettimeofday({1396214568, 105834}, NULL) = 0
26917 gettimeofday({1396214568, 105887}, NULL) = 0
26917 gettimeofday({1396214568, 105927}, NULL) = 0
26917 gettimeofday({1396214568, 105967}, NULL) = 0
26917 gettimeofday({1396214568, 106007}, NULL) = 0
26917 gettimeofday({1396214568, 106046}, NULL) = 0
26917 gettimeofday({1396214568, 106085}, NULL) = 0
26917 gettimeofday({1396214568, 106125}, NULL) = 0
26917 gettimeofday({1396214568, 106164}, NULL) = 0
26917 gettimeofday({1396214568, 106203}, NULL) = 0
26917 gettimeofday({1396214568, 106735}, NULL) = 0
26917 gettimeofday({1396214568, 106807}, NULL) = 0
26917 gettimeofday({1396214568, 106874}, NULL) = 0
26917 gettimeofday({1396214568, 106981}, NULL) = 0
26917 gettimeofday({1396214568, 107024}, NULL) = 0
26917 gettimeofday({1396214568, 107064}, NULL) = 0
26917 gettimeofday({1396214568, 107103}, NULL) = 0
26917 gettimeofday({1396214568, 107143}, NULL) = 0
26917 gettimeofday({1396214568, 107182}, NULL) = 0
26917 gettimeofday({1396214568, 107232}, NULL) = 0
26917 gettimeofday({1396214568, 107293}, NULL) = 0
26917 gettimeofday({1396214568, 107339}, NULL) = 0
26917 gettimeofday({1396214568, 107379}, NULL) = 0
26917 gettimeofday({1396214568, 107418}, NULL) = 0
26917 gettimeofday({1396214568, 107502}, NULL) = 0
26917 gettimeofday({1396214568, 107557}, NULL) = 0
26917 gettimeofday({1396214568, 107627}, NULL) = 0
26917 gettimeofday({1396214568, 107695}, NULL) = 0
26917 gettimeofday({1396214568, 107738}, NULL) = 0
26917 gettimeofday({1396214568, 107777}, NULL) = 0
26917 gettimeofday({1396214568, 107817}, NULL) = 0
26917 gettimeofday({1396214568, 107856}, NULL) = 0
26917 gettimeofday({1396214568, 107895}, NULL) = 0
26917 gettimeofday({1396214568, 107935}, NULL) = 0
26917 gettimeofday({1396214568, 107987}, NULL) = 0
26917 gettimeofday({1396214568, 108083}, NULL) = 0
26917 gettimeofday({1396214568, 108126}, NULL) = 0
26917 gettimeofday({1396214568, 108167}, NULL) = 0
26917 gettimeofday({1396214568, 108208}, NULL) = 0
26917 gettimeofday({1396214568, 108263}, NULL) = 0
26917 gettimeofday({1396214568, 108325}, NULL) = 0
26917 gettimeofday({1396214568, 108366}, NULL) = 0
26917 gettimeofday({1396214568, 108406}, NULL) = 0
26917 gettimeofday({1396214568, 108446}, NULL) = 0
26917 gettimeofday({1396214568, 108485}, NULL) = 0
26917 gettimeofday({1396214568, 108525}, NULL) = 0
26917 gettimeofday({1396214568, 108612}, NULL) = 0
26917 gettimeofday({1396214568, 108666}, NULL) = 0
26917 gettimeofday({1396214568, 108731}, NULL) = 0
26917 gettimeofday({1396214568, 108809}, NULL) = 0
26917 gettimeofday({1396214568, 108860}, NULL) = 0
26917 gettimeofday({1396214568, 108901}, NULL) = 0
26917 gettimeofday({1396214568, 108941}, NULL) = 0
26917 gettimeofday({1396214568, 108987}, NULL) = 0
26917 gettimeofday({1396214568, 109053}, NULL) = 0
26917 gettimeofday({1396214568, 109144}, NULL) = 0
26917 gettimeofday({1396214568, 109199}, NULL) = 0
26917 gettimeofday({1396214568, 109255}, NULL) = 0
26917 gettimeofday({1396214568, 109327}, NULL) = 0
26917 gettimeofday({1396214568, 109373}, NULL) = 0
26917 gettimeofday({1396214568, 109413}, NULL) = 0
26917 gettimeofday({1396214568, 109453}, NULL) = 0
26917 gettimeofday({1396214568, 109493}, NULL) = 0
26917 gettimeofday({1396214568, 109533}, NULL) = 0
26917 gettimeofday({1396214568, 109575}, NULL) = 0
26917 gettimeofday({1396214568, 109648}, NULL) = 0
26917 gettimeofday({1396214568, 109761}, NULL) = 0
26917 gettimeofday({1396214568, 109804}, NULL) = 0
26917 gettimeofday({1396214568, 109876}, NULL) = 0
26917 gettimeofday({1396214568, 109958}, NULL) = 0
26917 gettimeofday({1396214568, 110006}, NULL) = 0
26917 gettimeofday({1396214568, 110046}, NULL) = 0
26917 gettimeofday({1396214568, 110086}, NULL) = 0
26917 gettimeofday({1396214568, 110126}, NULL) = 0
26917 gettimeofday({1396214568, 110165}, NULL) = 0
26917 gettimeofday({1396214568, 110301}, NULL) = 0
26917 gettimeofday({1396214568, 110368}, NULL) = 0
26917 gettimeofday({1396214568, 110437}, NULL) = 0
26917 gettimeofday({1396214568, 110505}, NULL) = 0
26917 gettimeofday({1396214568, 110562}, NULL) = 0
26917 gettimeofday({1396214568, 110604}, NULL) = 0
26917 gettimeofday({1396214568, 110644}, NULL) = 0
26917 gettimeofday({1396214568, 110684}, NULL) = 0
26917 gettimeofday({1396214568, 110724}, NULL) = 0
26917 gettimeofday({1396214568, 110764}, NULL) = 0
26917 gettimeofday({1396214568, 110865}, NULL) = 0
26917 gettimeofday({1396214568, 110908}, NULL) = 0
26917 gettimeofday({1396214568, 110956}, NULL) = 0
26917 gettimeofday({1396214568, 111035}, NULL) = 0
26917 gettimeofday({1396214568, 111114}, NULL) = 0
26917 gettimeofday({1396214568, 111160}, NULL) = 0
26917 gettimeofday({1396214568, 111201}, NULL) = 0
26917 gettimeofday({1396214568, 111257}, NULL) = 0
26917 gettimeofday({1396214568, 111322}, NULL) = 0
26917 gettimeofday({1396214568, 111414}, NULL) = 0
26917 gettimeofday({1396214568, 111468}, NULL) = 0
26917 gettimeofday({1396214568, 111509}, NULL) = 0
26917 gettimeofday({1396214568, 111549}, NULL) = 0
26917 gettimeofday({1396214568, 111590}, NULL) = 0
26917 gettimeofday({1396214568, 111630}, NULL) = 0
26917 gettimeofday({1396214568, 111670}, NULL) = 0
26917 gettimeofday({1396214568, 111710}, NULL) = 0
26917 gettimeofday({1396214568, 111750}, NULL) = 0
26917 gettimeofday({1396214568, 111790}, NULL) = 0
26917 gettimeofday({1396214568, 111830}, NULL) = 0
26917 gettimeofday({1396214568, 111870}, NULL) = 0
26917 gettimeofday({1396214568, 111968}, NULL) = 0
26917 gettimeofday({1396214568, 112011}, NULL) = 0
26917 gettimeofday({1396214568, 112051}, NULL) = 0
26917 gettimeofday({1396214568, 112103}, NULL) = 0
26917 gettimeofday({1396214568, 112185}, NULL) = 0
26917 gettimeofday({1396214568, 112259}, NULL) = 0
26917 gettimeofday({1396214568, 112365}, NULL) = 0
26917 gettimeofday({1396214568, 112408}, NULL) = 0
26917 gettimeofday({1396214568, 112541}, NULL) = 0
26917 gettimeofday({1396214568, 112603}, NULL) = 0
26917 gettimeofday({1396214568, 112645}, NULL) = 0
26917 gettimeofday({1396214568, 112685}, NULL) = 0
26917 gettimeofday({1396214568, 112725}, NULL) = 0
26917 gettimeofday({1396214568, 112765}, NULL) = 0
26917 gettimeofday({1396214568, 112805}, NULL) = 0
26917 gettimeofday({1396214568, 112845}, NULL) = 0
26917 gettimeofday({1396214568, 112885}, NULL) = 0
26917 gettimeofday({1396214568, 112925}, NULL) = 0
26917 gettimeofday({1396214568, 112965}, NULL) = 0
26917 gettimeofday({1396214568, 113062}, NULL) = 0
26917 gettimeofday({1396214568, 113109}, NULL) = 0
26917 gettimeofday({1396214568, 113175}, NULL) = 0
26917 gettimeofday({1396214568, 113256}, NULL) = 0
26917 gettimeofday({1396214568, 113370}, NULL) = 0
26917 gettimeofday({1396214568, 113430}, NULL) = 0
26917 gettimeofday({1396214568, 113472}, NULL) = 0
26917 gettimeofday({1396214568, 113513}, NULL) = 0
26917 gettimeofday({1396214568, 113553}, NULL) = 0
26917 gettimeofday({1396214568, 113644}, NULL) = 0
26917 gettimeofday({1396214568, 113700}, NULL) = 0
26917 gettimeofday({1396214568, 113741}, NULL) = 0
26917 gettimeofday({1396214568, 113781}, NULL) = 0
26917 gettimeofday({1396214568, 113822}, NULL) = 0
26917 gettimeofday({1396214568, 113861}, NULL) = 0
26917 gettimeofday({1396214568, 113901}, NULL) = 0
26917 gettimeofday({1396214568, 113941}, NULL) = 0
26917 gettimeofday({1396214568, 113981}, NULL) = 0
26917 gettimeofday({1396214568, 114020}, NULL) = 0
26917 gettimeofday({1396214568, 114060}, NULL) = 0
26917 gettimeofday({1396214568, 114147}, NULL) = 0
26917 gettimeofday({1396214568, 114201}, NULL) = 0
26917 gettimeofday({1396214568, 114257}, NULL) = 0
26917 gettimeofday({1396214568, 114352}, NULL) = 0
26917 gettimeofday({1396214568, 114423}, NULL) = 0
26917 gettimeofday({1396214568, 114509}, NULL) = 0
26917 gettimeofday({1396214568, 114559}, NULL) = 0
26917 gettimeofday({1396214568, 114600}, NULL) = 0
26917 gettimeofday({1396214568, 114640}, NULL) = 0
26917 gettimeofday({1396214568, 114685}, NULL) = 0
26917 gettimeofday({1396214568, 114793}, NULL) = 0
26917 gettimeofday({1396214568, 114842}, NULL) = 0
26917 gettimeofday({1396214568, 114914}, NULL) = 0
26917 gettimeofday({1396214568, 114989}, NULL) = 0
26917 gettimeofday({1396214568, 115063}, NULL) = 0
26917 gettimeofday({1396214568, 115134}, NULL) = 0
26917 gettimeofday({1396214568, 115309}, NULL) = 0
26917 gettimeofday({1396214568, 115404}, NULL) = 0
26917 gettimeofday({1396214568, 115486}, NULL) = 0
26917 gettimeofday({1396214568, 115575}, NULL) = 0
26917 gettimeofday({1396214568, 115662}, NULL) = 0
26917 gettimeofday({1396214568, 115747}, NULL) = 0
26917 gettimeofday({1396214568, 115907}, NULL) = 0
26917 gettimeofday({1396214568, 116005}, NULL) = 0
26917 gettimeofday({1396214568, 116091}, NULL) = 0
26917 gettimeofday({1396214568, 116172}, NULL) = 0
26917 gettimeofday({1396214568, 116266}, NULL) = 0
26917 gettimeofday({1396214568, 116451}, NULL) = 0
26917 gettimeofday({1396214568, 116554}, NULL) = 0
26917 gettimeofday({1396214568, 116644}, NULL) = 0
26917 gettimeofday({1396214568, 116720}, NULL) = 0
26917 gettimeofday({1396214568, 116763}, NULL) = 0
26917 gettimeofday({1396214568, 116817}, NULL) = 0
26917 gettimeofday({1396214568, 116872}, NULL) = 0
26917 gettimeofday({1396214568, 117032}, NULL) = 0
26917 gettimeofday({1396214568, 117130}, NULL) = 0
26917 gettimeofday({1396214568, 117212}, NULL) = 0
26917 gettimeofday({1396214568, 117795}, NULL) = 0
26917 gettimeofday({1396214568, 117881}, NULL) = 0
26917 gettimeofday({1396214568, 117966}, NULL) = 0
26917 gettimeofday({1396214568, 118055}, NULL) = 0
26917 gettimeofday({1396214568, 118232}, NULL) = 0
26917 gettimeofday({1396214568, 118348}, NULL) = 0
26917 gettimeofday({1396214568, 118430}, NULL) = 0
26917 gettimeofday({1396214568, 118510}, NULL) = 0
26917 gettimeofday({1396214568, 118590}, NULL) = 0
26917 gettimeofday({1396214568, 118674}, NULL) = 0
26917 gettimeofday({1396214568, 118755}, NULL) = 0
26917 gettimeofday({1396214568, 118916}, NULL) = 0
26917 gettimeofday({1396214568, 119026}, NULL) = 0
26917 gettimeofday({1396214568, 119110}, NULL) = 0
26917 gettimeofday({1396214568, 119193}, NULL) = 0
26917 gettimeofday({1396214568, 119386}, NULL) = 0
26917 gettimeofday({1396214568, 119473}, NULL) = 0
26917 gettimeofday({1396214568, 119561}, NULL) = 0
26917 gettimeofday({1396214568, 119644}, NULL) = 0
26917 gettimeofday({1396214568, 119728}, NULL) = 0
26917 gettimeofday({1396214568, 119811}, NULL) = 0
26917 gettimeofday({1396214568, 119893}, NULL) = 0
26917 gettimeofday({1396214568, 120043}, NULL) = 0
26917 gettimeofday({1396214568, 120120}, NULL) = 0
26917 gettimeofday({1396214568, 120190}, NULL) = 0
26917 gettimeofday({1396214568, 120303}, NULL) = 0
26917 gettimeofday({1396214568, 120453}, NULL) = 0
26917 gettimeofday({1396214568, 120550}, NULL) = 0
26917 gettimeofday({1396214568, 120633}, NULL) = 0
26917 gettimeofday({1396214568, 120720}, NULL) = 0
26917 gettimeofday({1396214568, 120803}, NULL) = 0
26917 gettimeofday({1396214568, 120877}, NULL) = 0
26917 gettimeofday({1396214568, 120946}, NULL) = 0
26917 gettimeofday({1396214568, 121020}, NULL) = 0
26917 gettimeofday({1396214568, 121169}, NULL) = 0
26917 gettimeofday({1396214568, 121249}, NULL) = 0
26917 gettimeofday({1396214568, 121358}, NULL) = 0
26917 gettimeofday({1396214568, 121438}, NULL) = 0
26917 gettimeofday({1396214568, 121589}, NULL) = 0
26917 gettimeofday({1396214568, 121686}, NULL) = 0
26917 gettimeofday({1396214568, 121771}, NULL) = 0
26917 gettimeofday({1396214568, 121854}, NULL) = 0
26917 gettimeofday({1396214568, 121936}, NULL) = 0
26917 gettimeofday({1396214568, 122010}, NULL) = 0
26917 gettimeofday({1396214568, 122089}, NULL) = 0
26917 gettimeofday({1396214568, 122161}, NULL) = 0
26917 gettimeofday({1396214568, 122330}, NULL) = 0
26917 gettimeofday({1396214568, 122406}, NULL) = 0
26917 gettimeofday({1396214568, 122481}, NULL) = 0
26917 gettimeofday({1396214568, 122559}, NULL) = 0
26917 gettimeofday({1396214568, 122649}, NULL) = 0
26917 gettimeofday({1396214568, 122782}, NULL) = 0
26917 gettimeofday({1396214568, 122855}, NULL) = 0
26917 gettimeofday({1396214568, 122927}, NULL) = 0
26917 gettimeofday({1396214568, 122997}, NULL) = 0
26917 gettimeofday({1396214568, 123069}, NULL) = 0
26917 gettimeofday({1396214568, 123145}, NULL) = 0
26917 gettimeofday({1396214568, 123233}, NULL) = 0
26917 gettimeofday({1396214568, 123373}, NULL) = 0
26917 gettimeofday({1396214568, 123439}, NULL) = 0
26917 gettimeofday({1396214568, 123492}, NULL) = 0
26917 gettimeofday({1396214568, 123532}, NULL) = 0
26917 gettimeofday({1396214568, 123572}, NULL) = 0
26917 gettimeofday({1396214568, 123611}, NULL) = 0
26917 gettimeofday({1396214568, 123650}, NULL) = 0
26917 gettimeofday({1396214568, 123689}, NULL) = 0
26917 gettimeofday({1396214568, 123728}, NULL) = 0
26917 gettimeofday({1396214568, 123820}, NULL) = 0
26917 gettimeofday({1396214568, 123866}, NULL) = 0
26917 gettimeofday({1396214568, 123906}, NULL) = 0
26917 gettimeofday({1396214568, 123945}, NULL) = 0
26917 gettimeofday({1396214568, 123984}, NULL) = 0
26917 gettimeofday({1396214568, 124023}, NULL) = 0
26917 gettimeofday({1396214568, 124063}, NULL) = 0
26917 gettimeofday({1396214568, 124101}, NULL) = 0
26917 gettimeofday({1396214568, 124140}, NULL) = 0
26917 gettimeofday({1396214568, 124179}, NULL) = 0
26917 gettimeofday({1396214568, 124227}, NULL) = 0
26917 gettimeofday({1396214568, 124299}, NULL) = 0
26917 gettimeofday({1396214568, 124373}, NULL) = 0
26917 gettimeofday({1396214568, 124449}, NULL) = 0
26917 gettimeofday({1396214568, 124516}, NULL) = 0
26917 gettimeofday({1396214568, 124558}, NULL) = 0
26917 gettimeofday({1396214568, 124598}, NULL) = 0
26917 gettimeofday({1396214568, 124638}, NULL) = 0
26917 gettimeofday({1396214568, 124678}, NULL) = 0
26917 gettimeofday({1396214568, 124718}, NULL) = 0
26917 gettimeofday({1396214568, 124779}, NULL) = 0
26917 gettimeofday({1396214568, 124821}, NULL) = 0
26917 gettimeofday({1396214568, 124906}, NULL) = 0
26917 gettimeofday({1396214568, 124959}, NULL) = 0
26917 gettimeofday({1396214568, 125009}, NULL) = 0
26917 gettimeofday({1396214568, 125050}, NULL) = 0
26917 gettimeofday({1396214568, 125110}, NULL) = 0
26917 gettimeofday({1396214568, 125149}, NULL) = 0
26917 gettimeofday({1396214568, 125188}, NULL) = 0
26917 gettimeofday({1396214568, 125239}, NULL) = 0
26917 gettimeofday({1396214568, 125310}, NULL) = 0
26917 gettimeofday({1396214568, 125358}, NULL) = 0
26917 gettimeofday({1396214568, 125398}, NULL) = 0
26917 gettimeofday({1396214568, 125437}, NULL) = 0
26917 gettimeofday({1396214568, 125494}, NULL) = 0
26917 gettimeofday({1396214568, 125568}, NULL) = 0
26917 gettimeofday({1396214568, 125633}, NULL) = 0
26917 gettimeofday({1396214568, 125675}, NULL) = 0
26917 gettimeofday({1396214568, 125714}, NULL) = 0
26917 gettimeofday({1396214568, 125753}, NULL) = 0
26917 gettimeofday({1396214568, 125792}, NULL) = 0
26917 gettimeofday({1396214568, 125831}, NULL) = 0
26917 gettimeofday({1396214568, 125870}, NULL) = 0
26917 gettimeofday({1396214568, 125909}, NULL) = 0
26917 gettimeofday({1396214568, 125949}, NULL) = 0
26917 gettimeofday({1396214568, 126044}, NULL) = 0
26917 gettimeofday({1396214568, 126087}, NULL) = 0
26917 gettimeofday({1396214568, 126127}, NULL) = 0
26917 gettimeofday({1396214568, 126166}, NULL) = 0
26917 gettimeofday({1396214568, 126206}, NULL) = 0
26917 gettimeofday({1396214568, 126260}, NULL) = 0
26917 gettimeofday({1396214568, 126335}, NULL) = 0
26917 gettimeofday({1396214568, 126377}, NULL) = 0
26917 gettimeofday({1396214568, 126417}, NULL) = 0
26917 gettimeofday({1396214568, 126476}, NULL) = 0
26917 gettimeofday({1396214568, 126535}, NULL) = 0
26917 gettimeofday({1396214568, 126576}, NULL) = 0
26917 gettimeofday({1396214568, 126640}, NULL) = 0
26917 gettimeofday({1396214568, 126713}, NULL) = 0
26917 gettimeofday({1396214568, 126770}, NULL) = 0
26917 gettimeofday({1396214568, 126811}, NULL) = 0
26917 gettimeofday({1396214568, 126850}, NULL) = 0
26917 gettimeofday({1396214568, 126889}, NULL) = 0
26917 gettimeofday({1396214568, 126928}, NULL) = 0
26917 gettimeofday({1396214568, 126967}, NULL) = 0
26917 gettimeofday({1396214568, 127007}, NULL) = 0
26917 gettimeofday({1396214568, 127046}, NULL) = 0
26917 gettimeofday({1396214568, 127139}, NULL) = 0
26917 gettimeofday({1396214568, 127181}, NULL) = 0
26917 gettimeofday({1396214568, 127231}, NULL) = 0
26917 gettimeofday({1396214568, 127301}, NULL) = 0
26917 gettimeofday({1396214568, 127354}, NULL) = 0
26917 gettimeofday({1396214568, 127395}, NULL) = 0
26917 gettimeofday({1396214568, 127434}, NULL) = 0
26917 gettimeofday({1396214568, 127474}, NULL) = 0
26917 gettimeofday({1396214568, 127513}, NULL) = 0
26917 gettimeofday({1396214568, 127552}, NULL) = 0
26917 gettimeofday({1396214568, 127591}, NULL) = 0
26917 gettimeofday({1396214568, 127629}, NULL) = 0
26917 gettimeofday({1396214568, 127695}, NULL) = 0
26917 gettimeofday({1396214568, 127773}, NULL) = 0
26917 gettimeofday({1396214568, 127842}, NULL) = 0
26917 gettimeofday({1396214568, 127916}, NULL) = 0
26917 gettimeofday({1396214568, 127989}, NULL) = 0
26917 gettimeofday({1396214568, 128063}, NULL) = 0
26917 gettimeofday({1396214568, 128138}, NULL) = 0
26917 gettimeofday({1396214568, 128786}, NULL) = 0
26917 gettimeofday({1396214568, 128867}, NULL) = 0
26917 gettimeofday({1396214568, 128942}, NULL) = 0
26917 gettimeofday({1396214568, 129019}, NULL) = 0
26917 gettimeofday({1396214568, 129097}, NULL) = 0
26917 gettimeofday({1396214568, 129172}, NULL) = 0
26917 gettimeofday({1396214568, 129260}, NULL) = 0
26917 gettimeofday({1396214568, 129383}, NULL) = 0
26917 gettimeofday({1396214568, 129460}, NULL) = 0
26917 gettimeofday({1396214568, 129599}, NULL) = 0
26917 gettimeofday({1396214568, 129678}, NULL) = 0
26917 gettimeofday({1396214568, 129753}, NULL) = 0
26917 gettimeofday({1396214568, 129829}, NULL) = 0
26917 gettimeofday({1396214568, 129905}, NULL) = 0
26917 gettimeofday({1396214568, 129981}, NULL) = 0
26917 gettimeofday({1396214568, 130054}, NULL) = 0
26917 gettimeofday({1396214568, 130132}, NULL) = 0
26917 gettimeofday({1396214568, 130208}, NULL) = 0
26917 gettimeofday({1396214568, 130320}, NULL) = 0
26917 gettimeofday({1396214568, 130399}, NULL) = 0
26917 gettimeofday({1396214568, 130495}, NULL) = 0
26917 gettimeofday({1396214568, 130571}, NULL) = 0
26917 gettimeofday({1396214568, 130709}, NULL) = 0
26917 gettimeofday({1396214568, 130796}, NULL) = 0
26917 gettimeofday({1396214568, 130873}, NULL) = 0
26917 gettimeofday({1396214568, 130948}, NULL) = 0
26917 gettimeofday({1396214568, 131025}, NULL) = 0
26917 gettimeofday({1396214568, 131101}, NULL) = 0
26917 gettimeofday({1396214568, 131175}, NULL) = 0
26917 gettimeofday({1396214568, 131265}, NULL) = 0
26917 gettimeofday({1396214568, 131383}, NULL) = 0
26917 gettimeofday({1396214568, 131459}, NULL) = 0
26917 gettimeofday({1396214568, 131538}, NULL) = 0
26917 gettimeofday({1396214568, 131612}, NULL) = 0
26917 gettimeofday({1396214568, 131688}, NULL) = 0
26917 gettimeofday({1396214568, 131823}, NULL) = 0
26917 gettimeofday({1396214568, 131906}, NULL) = 0
26917 gettimeofday({1396214568, 131983}, NULL) = 0
26917 gettimeofday({1396214568, 132058}, NULL) = 0
26917 gettimeofday({1396214568, 132134}, NULL) = 0
26917 gettimeofday({1396214568, 132209}, NULL) = 0
26917 gettimeofday({1396214568, 132323}, NULL) = 0
26917 gettimeofday({1396214568, 132404}, NULL) = 0
26917 gettimeofday({1396214568, 132480}, NULL) = 0
26917 gettimeofday({1396214568, 132559}, NULL) = 0
26917 gettimeofday({1396214568, 132634}, NULL) = 0
26917 gettimeofday({1396214568, 132711}, NULL) = 0
26917 gettimeofday({1396214568, 132790}, NULL) = 0
26917 gettimeofday({1396214568, 132866}, NULL) = 0
26917 gettimeofday({1396214568, 133013}, NULL) = 0
26917 gettimeofday({1396214568, 133083}, NULL) = 0
26917 gettimeofday({1396214568, 133149}, NULL) = 0
26917 gettimeofday({1396214568, 133237}, NULL) = 0
26917 gettimeofday({1396214568, 133350}, NULL) = 0
26917 gettimeofday({1396214568, 133414}, NULL) = 0
26917 gettimeofday({1396214568, 133479}, NULL) = 0
26917 gettimeofday({1396214568, 133553}, NULL) = 0
26917 gettimeofday({1396214568, 133617}, NULL) = 0
26917 gettimeofday({1396214568, 133687}, NULL) = 0
26917 gettimeofday({1396214568, 133747}, NULL) = 0
26917 gettimeofday({1396214568, 133811}, NULL) = 0
26917 gettimeofday({1396214568, 133883}, NULL) = 0
26917 gettimeofday({1396214568, 133951}, NULL) = 0
26917 gettimeofday({1396214568, 134073}, NULL) = 0
26917 gettimeofday({1396214568, 134153}, NULL) = 0
26917 gettimeofday({1396214568, 134234}, NULL) = 0
26917 gettimeofday({1396214568, 134331}, NULL) = 0
26917 gettimeofday({1396214568, 134405}, NULL) = 0
26917 gettimeofday({1396214568, 134477}, NULL) = 0
26917 gettimeofday({1396214568, 134550}, NULL) = 0
26917 gettimeofday({1396214568, 134622}, NULL) = 0
26917 gettimeofday({1396214568, 134695}, NULL) = 0
26917 gettimeofday({1396214568, 134768}, NULL) = 0
26917 gettimeofday({1396214568, 134841}, NULL) = 0
26917 gettimeofday({1396214568, 134915}, NULL) = 0
26917 gettimeofday({1396214568, 134990}, NULL) = 0
26917 gettimeofday({1396214568, 135064}, NULL) = 0
26917 gettimeofday({1396214568, 135190}, NULL) = 0
26917 gettimeofday({1396214568, 135306}, NULL) = 0
26917 gettimeofday({1396214568, 135381}, NULL) = 0
26917 gettimeofday({1396214568, 135449}, NULL) = 0
26917 gettimeofday({1396214568, 135523}, NULL) = 0
26917 gettimeofday({1396214568, 135595}, NULL) = 0
26917 gettimeofday({1396214568, 135669}, NULL) = 0
26917 gettimeofday({1396214568, 135736}, NULL) = 0
26917 gettimeofday({1396214568, 135780}, NULL) = 0
26917 gettimeofday({1396214568, 135820}, NULL) = 0
26917 gettimeofday({1396214568, 135860}, NULL) = 0
26917 gettimeofday({1396214568, 135900}, NULL) = 0
26917 gettimeofday({1396214568, 135940}, NULL) = 0
26917 gettimeofday({1396214568, 135978}, NULL) = 0
26917 gettimeofday({1396214568, 136017}, NULL) = 0
26917 gettimeofday({1396214568, 136056}, NULL) = 0
26917 gettimeofday({1396214568, 136095}, NULL) = 0
26917 gettimeofday({1396214568, 136134}, NULL) = 0
26917 gettimeofday({1396214568, 136173}, NULL) = 0
26917 gettimeofday({1396214568, 136212}, NULL) = 0
26917 gettimeofday({1396214568, 136342}, NULL) = 0
26917 gettimeofday({1396214568, 136389}, NULL) = 0
26917 gettimeofday({1396214568, 136431}, NULL) = 0
26917 gettimeofday({1396214568, 136487}, NULL) = 0
26917 gettimeofday({1396214568, 136531}, NULL) = 0
26917 gettimeofday({1396214568, 136600}, NULL) = 0
26917 gettimeofday({1396214568, 136646}, NULL) = 0
26917 gettimeofday({1396214568, 136713}, NULL) = 0
26917 gettimeofday({1396214568, 136787}, NULL) = 0
26917 gettimeofday({1396214568, 136839}, NULL) = 0
26917 gettimeofday({1396214568, 136879}, NULL) = 0
26917 gettimeofday({1396214568, 136919}, NULL) = 0
26917 gettimeofday({1396214568, 136958}, NULL) = 0
26917 gettimeofday({1396214568, 136998}, NULL) = 0
26917 gettimeofday({1396214568, 137036}, NULL) = 0
26917 gettimeofday({1396214568, 137076}, NULL) = 0
26917 gettimeofday({1396214568, 137115}, NULL) = 0
26917 gettimeofday({1396214568, 137154}, NULL) = 0
26917 gettimeofday({1396214568, 137194}, NULL) = 0
26917 gettimeofday({1396214568, 137245}, NULL) = 0
26917 gettimeofday({1396214568, 137318}, NULL) = 0
26917 gettimeofday({1396214568, 137363}, NULL) = 0
26917 gettimeofday({1396214568, 137458}, NULL) = 0
26917 gettimeofday({1396214568, 137500}, NULL) = 0
26917 gettimeofday({1396214568, 137540}, NULL) = 0
26917 gettimeofday({1396214568, 137579}, NULL) = 0
26917 gettimeofday({1396214568, 137618}, NULL) = 0
26917 gettimeofday({1396214568, 137658}, NULL) = 0
26917 gettimeofday({1396214568, 137697}, NULL) = 0
26917 gettimeofday({1396214568, 137736}, NULL) = 0
26917 gettimeofday({1396214568, 137776}, NULL) = 0
26917 gettimeofday({1396214568, 137847}, NULL) = 0
26917 gettimeofday({1396214568, 137921}, NULL) = 0
26917 gettimeofday({1396214568, 137969}, NULL) = 0
26917 gettimeofday({1396214568, 138009}, NULL) = 0
26917 gettimeofday({1396214568, 138049}, NULL) = 0
26917 gettimeofday({1396214568, 138088}, NULL) = 0
26917 gettimeofday({1396214568, 138128}, NULL) = 0
26917 gettimeofday({1396214568, 138167}, NULL) = 0
26917 gettimeofday({1396214568, 138206}, NULL) = 0
26917 gettimeofday({1396214568, 138259}, NULL) = 0
26917 gettimeofday({1396214568, 138335}, NULL) = 0
26917 gettimeofday({1396214568, 138377}, NULL) = 0
26917 gettimeofday({1396214568, 138417}, NULL) = 0
26917 gettimeofday({1396214568, 138457}, NULL) = 0
26917 gettimeofday({1396214568, 138546}, NULL) = 0
26917 gettimeofday({1396214568, 138591}, NULL) = 0
26917 gettimeofday({1396214568, 138631}, NULL) = 0
26917 gettimeofday({1396214568, 138671}, NULL) = 0
26917 gettimeofday({1396214568, 138710}, NULL) = 0
26917 gettimeofday({1396214568, 138750}, NULL) = 0
26917 gettimeofday({1396214568, 138790}, NULL) = 0
26917 gettimeofday({1396214568, 138829}, NULL) = 0
26917 gettimeofday({1396214568, 138868}, NULL) = 0
26917 gettimeofday({1396214568, 138914}, NULL) = 0
26917 gettimeofday({1396214568, 138989}, NULL) = 0
26917 gettimeofday({1396214568, 139066}, NULL) = 0
26917 gettimeofday({1396214568, 139119}, NULL) = 0
26917 gettimeofday({1396214568, 139160}, NULL) = 0
26917 gettimeofday({1396214568, 139199}, NULL) = 0
26917 gettimeofday({1396214568, 139458}, NULL) = 0
26917 gettimeofday({1396214568, 139504}, NULL) = 0
26917 gettimeofday({1396214568, 140356}, NULL) = 0
26917 gettimeofday({1396214568, 140436}, NULL) = 0
26917 gettimeofday({1396214568, 140509}, NULL) = 0
26917 gettimeofday({1396214568, 140566}, NULL) = 0
26917 gettimeofday({1396214568, 140620}, NULL) = 0
26917 gettimeofday({1396214568, 140674}, NULL) = 0
26917 gettimeofday({1396214568, 140728}, NULL) = 0
26917 gettimeofday({1396214568, 140781}, NULL) = 0
26917 gettimeofday({1396214568, 140833}, NULL) = 0
26917 gettimeofday({1396214568, 140886}, NULL) = 0
26917 gettimeofday({1396214568, 140938}, NULL) = 0
26917 gettimeofday({1396214568, 140989}, NULL) = 0
26917 gettimeofday({1396214568, 141064}, NULL) = 0
26917 gettimeofday({1396214568, 141121}, NULL) = 0
26917 gettimeofday({1396214568, 141174}, NULL) = 0
26917 gettimeofday({1396214568, 141228}, NULL) = 0
26917 gettimeofday({1396214568, 141460}, NULL) = 0
26917 gettimeofday({1396214568, 141544}, NULL) = 0
26917 gettimeofday({1396214568, 141598}, NULL) = 0
26917 gettimeofday({1396214568, 141651}, NULL) = 0
26917 gettimeofday({1396214568, 141703}, NULL) = 0
26917 gettimeofday({1396214568, 141755}, NULL) = 0
26917 gettimeofday({1396214568, 141831}, NULL) = 0
26917 gettimeofday({1396214568, 141884}, NULL) = 0
26917 gettimeofday({1396214568, 141936}, NULL) = 0
26917 gettimeofday({1396214568, 141987}, NULL) = 0
26917 gettimeofday({1396214568, 142059}, NULL) = 0
26917 gettimeofday({1396214568, 142115}, NULL) = 0
26917 gettimeofday({1396214568, 142168}, NULL) = 0
26917 gettimeofday({1396214568, 142220}, NULL) = 0
26917 gettimeofday({1396214568, 142291}, NULL) = 0
26917 gettimeofday({1396214568, 142351}, NULL) = 0
26917 gettimeofday({1396214568, 142403}, NULL) = 0
26917 gettimeofday({1396214568, 142455}, NULL) = 0
26917 gettimeofday({1396214568, 142615}, NULL) = 0
26917 gettimeofday({1396214568, 142670}, NULL) = 0
26917 gettimeofday({1396214568, 143004}, NULL) = 0
26917 gettimeofday({1396214568, 143083}, NULL) = 0
26917 gettimeofday({1396214568, 143137}, NULL) = 0
26917 gettimeofday({1396214568, 143190}, NULL) = 0
26917 gettimeofday({1396214568, 143246}, NULL) = 0
26917 gettimeofday({1396214568, 145170}, NULL) = 0
26917 gettimeofday({1396214568, 145230}, NULL) = 0
26917 gettimeofday({1396214568, 145303}, NULL) = 0
26917 gettimeofday({1396214568, 145362}, NULL) = 0
26917 gettimeofday({1396214568, 145415}, NULL) = 0
26917 gettimeofday({1396214568, 145476}, NULL) = 0
26917 gettimeofday({1396214568, 145535}, NULL) = 0
26917 gettimeofday({1396214568, 145588}, NULL) = 0
26917 gettimeofday({1396214568, 145641}, NULL) = 0
26917 gettimeofday({1396214568, 145694}, NULL) = 0
26917 gettimeofday({1396214568, 145747}, NULL) = 0
26917 gettimeofday({1396214568, 145800}, NULL) = 0
26917 gettimeofday({1396214568, 145853}, NULL) = 0
26917 gettimeofday({1396214568, 145906}, NULL) = 0
26917 gettimeofday({1396214568, 145959}, NULL) = 0
26917 gettimeofday({1396214568, 146012}, NULL) = 0
26917 gettimeofday({1396214568, 146175}, NULL) = 0
26917 gettimeofday({1396214568, 146233}, NULL) = 0
26917 gettimeofday({1396214568, 146296}, NULL) = 0
26917 gettimeofday({1396214568, 146354}, NULL) = 0
26917 gettimeofday({1396214568, 146407}, NULL) = 0
26917 gettimeofday({1396214568, 146459}, NULL) = 0
26917 gettimeofday({1396214568, 146528}, NULL) = 0
26917 gettimeofday({1396214568, 146581}, NULL) = 0
26917 gettimeofday({1396214568, 146634}, NULL) = 0
26917 gettimeofday({1396214568, 146686}, NULL) = 0
26917 gettimeofday({1396214568, 146738}, NULL) = 0
26917 gettimeofday({1396214568, 146790}, NULL) = 0
26917 gettimeofday({1396214568, 146842}, NULL) = 0
26917 gettimeofday({1396214568, 146894}, NULL) = 0
26917 gettimeofday({1396214568, 146946}, NULL) = 0
26917 gettimeofday({1396214568, 146998}, NULL) = 0
26917 gettimeofday({1396214568, 147072}, NULL) = 0
26917 gettimeofday({1396214568, 147323}, NULL) = 0
26917 gettimeofday({1396214568, 147384}, NULL) = 0
26917 gettimeofday({1396214568, 147438}, NULL) = 0
26917 gettimeofday({1396214568, 147505}, NULL) = 0
26917 gettimeofday({1396214568, 147558}, NULL) = 0
26917 gettimeofday({1396214568, 147611}, NULL) = 0
26917 gettimeofday({1396214568, 147663}, NULL) = 0
26917 gettimeofday({1396214568, 147716}, NULL) = 0
26917 gettimeofday({1396214568, 147768}, NULL) = 0
26917 gettimeofday({1396214568, 147820}, NULL) = 0
26917 gettimeofday({1396214568, 147873}, NULL) = 0
26917 gettimeofday({1396214568, 147925}, NULL) = 0
26917 gettimeofday({1396214568, 147977}, NULL) = 0
26917 gettimeofday({1396214568, 148048}, NULL) = 0
26917 gettimeofday({1396214568, 148106}, NULL) = 0
26917 gettimeofday({1396214568, 148159}, NULL) = 0
26917 gettimeofday({1396214568, 148211}, NULL) = 0
26917 gettimeofday({1396214568, 148268}, NULL) = 0
26917 gettimeofday({1396214568, 148422}, NULL) = 0
26917 gettimeofday({1396214568, 148488}, NULL) = 0
26917 gettimeofday({1396214568, 148545}, NULL) = 0
26917 gettimeofday({1396214568, 148599}, NULL) = 0
26917 gettimeofday({1396214568, 148650}, NULL) = 0
26917 gettimeofday({1396214568, 148703}, NULL) = 0
26917 gettimeofday({1396214568, 148755}, NULL) = 0
26917 gettimeofday({1396214568, 148808}, NULL) = 0
26917 gettimeofday({1396214568, 148860}, NULL) = 0
26917 gettimeofday({1396214568, 148911}, NULL) = 0
26917 gettimeofday({1396214568, 148982}, NULL) = 0
26917 gettimeofday({1396214568, 149055}, NULL) = 0
26917 gettimeofday({1396214568, 149112}, NULL) = 0
26917 gettimeofday({1396214568, 149175}, NULL) = 0
26917 gettimeofday({1396214568, 149227}, NULL) = 0
26917 gettimeofday({1396214568, 149282}, NULL) = 0
26917 gettimeofday({1396214568, 149349}, NULL) = 0
26917 gettimeofday({1396214568, 149525}, NULL) = 0
26917 select(0, NULL, NULL, NULL, {1, 0}) = 0 (Timeout)
26917 gettimeofday({1396214569, 169820}, NULL) = 0
26917 select(0, NULL, NULL, NULL, {1, 0}) = 0 (Timeout)
26917 gettimeofday({1396214570, 195403}, NULL) = 0
26917 select(0, NULL, NULL, NULL, {1, 0}) = 0 (Timeout)
26917 gettimeofday({1396214571, 223542}, NULL) = 0
26917 select(0, NULL, NULL, NULL, {1, 0}) = 0 (Timeout)
26917 gettimeofday({1396214572, 232139}, NULL) = 0
26917 select(0, NULL, NULL, NULL, {1, 0}) = 0 (Timeout)
26917 gettimeofday({1396214573, 251411}, NULL) = 0
26917 select(0, NULL, NULL, NULL, {1, 0}) = 0 (Timeout)
26917 gettimeofday({1396214574, 305135}, NULL) = 0
26917 select(0, NULL, NULL, NULL, {1, 0}) = 0 (Timeout)
26917 gettimeofday({1396214575, 378695}, NULL) = 0
26917 select(0, NULL, NULL, NULL, {1, 0}) = 0 (Timeout)
26917 gettimeofday({1396214576, 402930}, NULL) = 0
26917 select(0, NULL, NULL, NULL, {1, 0}) = 0 (Timeout)
26917 gettimeofday({1396214577, 404361}, NULL) = 0
26917 select(0, NULL, NULL, NULL, {1, 0}) = 0 (Timeout)
26917 gettimeofday({1396214578, 415144}, NULL) = 0
26917 select(0, NULL, NULL, NULL, {1, 0}) = 0 (Timeout)
26917 gettimeofday({1396214579, 429613}, NULL) = 0
26917 select(0, NULL, NULL, NULL, {1, 0}) = 0 (Timeout)
26917 gettimeofday({1396214580, 430807}, NULL) = 0
26917 select(0, NULL, NULL, NULL, {1, 0}) = 0 (Timeout)
26917 gettimeofday({1396214581, 444140}, NULL) = 0
26917 select(0, NULL, NULL, NULL, {1, 0} <unfinished ...>
