26999 write(4, ")U\0hLU\17RegisterReplicar=\7\0\0hNU\0031"..., 172032 <unfinished ...>
26997 futex(0x2fa9f50, FUTEX_WAIT_PRIVATE, 0, NULL <unfinished ...>
26917 select(0, NULL, NULL, NULL, {0, 423260} <unfinished ...>
26871 futex(0x7ff31ac90000, FUTEX_WAIT, 0, NULL <unfinished ...>
26917 <... select resumed> )            = 0 (Timeout)
26917 gettimeofday({1396215222, 772528}, NULL) = 0
26917 select(0, NULL, NULL, NULL, {1, 0}) = 0 (Timeout)
26917 gettimeofday({1396215223, 780309}, NULL) = 0
26917 select(0, NULL, NULL, NULL, {1, 0}) = 0 (Timeout)
26917 gettimeofday({1396215224, 782793}, NULL) = 0
26917 select(0, NULL, NULL, NULL, {1, 0}) = 0 (Timeout)
26917 gettimeofday({1396215225, 801809}, NULL) = 0
26917 select(0, NULL, NULL, NULL, {1, 0}) = 0 (Timeout)
26917 gettimeofday({1396215226, 805422}, NULL) = 0
26917 select(0, NULL, NULL, NULL, {1, 0}) = 0 (Timeout)
26917 gettimeofday({1396215227, 807615}, NULL) = 0
26917 select(0, NULL, NULL, NULL, {0, 394650}) = 0 (Timeout)
26917 gettimeofday({1396215228, 210403}, NULL) = 0
26917 gettimeofday({1396215228, 210488}, NULL) = 0
26917 gettimeofday({1396215228, 210540}, NULL) = 0
26917 gettimeofday({1396215228, 210589}, NULL) = 0
26917 gettimeofday({1396215228, 210648}, NULL) = 0
26917 gettimeofday({1396215228, 210715}, NULL) = 0
26917 select(0, NULL, NULL, NULL, {1, 0}) = 0 (Timeout)
26917 gettimeofday({1396215229, 226858}, NULL) = 0
26917 select(0, NULL, NULL, NULL, {1, 0}) = 0 (Timeout)
26917 gettimeofday({1396215230, 233595}, NULL) = 0
26917 select(0, NULL, NULL, NULL, {1, 0}) = 0 (Timeout)
26917 gettimeofday({1396215231, 278086}, NULL) = 0
26917 select(0, NULL, NULL, NULL, {1, 0}) = 0 (Timeout)
26917 gettimeofday({1396215232, 411940}, NULL) = 0
26917 select(0, NULL, NULL, NULL, {1, 0}) = 0 (Timeout)
26917 gettimeofday({1396215233, 416859}, NULL) = 0
26917 select(0, NULL, NULL, NULL, {1, 0}) = 0 (Timeout)
26917 gettimeofday({1396215234, 426239}, NULL) = 0
26917 select(0, NULL, NULL, NULL, {1, 0}) = 0 (Timeout)
26917 gettimeofday({1396215235, 435727}, NULL) = 0
26917 select(0, NULL, NULL, NULL, {1, 0}) = 0 (Timeout)
26917 gettimeofday({1396215236, 444911}, NULL) = 0
26917 select(0, NULL, NULL, NULL, {1, 0}) = 0 (Timeout)
26917 gettimeofday({1396215237, 458590}, NULL) = 0
26917 select(0, NULL, NULL, NULL, {1, 0}) = 0 (Timeout)
26917 gettimeofday({1396215238, 473536}, NULL) = 0
26917 select(0, NULL, NULL, NULL, {1, 0}) = 0 (Timeout)
26917 gettimeofday({1396215239, 481388}, NULL) = 0
26917 select(0, NULL, NULL, NULL, {1, 0}) = 0 (Timeout)
26917 gettimeofday({1396215240, 492650}, NULL) = 0
26917 select(0, NULL, NULL, NULL, {1, 0}) = 0 (Timeout)
26917 gettimeofday({1396215241, 499679}, NULL) = 0
26917 select(0, NULL, NULL, NULL, {1, 0}) = 0 (Timeout)
26917 gettimeofday({1396215242, 509552}, NULL) = 0
26917 select(0, NULL, NULL, NULL, {1, 0}) = 0 (Timeout)
26917 gettimeofday({1396215243, 514988}, NULL) = 0
26917 select(0, NULL, NULL, NULL, {1, 0}) = 0 (Timeout)
26917 gettimeofday({1396215244, 515613}, NULL) = 0
26917 select(0, NULL, NULL, NULL, {1, 0}) = 0 (Timeout)
26917 gettimeofday({1396215245, 526979}, NULL) = 0
26917 select(0, NULL, NULL, NULL, {1, 0}) = 0 (Timeout)
26917 gettimeofday({1396215246, 529859}, NULL) = 0
26917 select(0, NULL, NULL, NULL, {1, 0}) = 0 (Timeout)
26917 gettimeofday({1396215247, 583270}, NULL) = 0
26917 select(0, NULL, NULL, NULL, {1, 0}) = 0 (Timeout)
26917 gettimeofday({1396215248, 597600}, NULL) = 0
26917 select(0, NULL, NULL, NULL, {1, 0}) = 0 (Timeout)
26917 gettimeofday({1396215249, 600843}, NULL) = 0
26917 select(0, NULL, NULL, NULL, {1, 0}) = 0 (Timeout)
26917 gettimeofday({1396215250, 622818}, NULL) = 0
26917 select(0, NULL, NULL, NULL, {1, 0}) = 0 (Timeout)
26917 gettimeofday({1396215251, 637507}, NULL) = 0
26917 select(0, NULL, NULL, NULL, {1, 0}) = 0 (Timeout)
26917 gettimeofday({1396215252, 698701}, NULL) = 0
26917 select(0, NULL, NULL, NULL, {1, 0}) = 0 (Timeout)
26917 gettimeofday({1396215253, 704949}, NULL) = 0
26917 select(0, NULL, NULL, NULL, {1, 0}) = 0 (Timeout)
26917 gettimeofday({1396215254, 710367}, NULL) = 0
26917 select(0, NULL, NULL, NULL, {1, 0}) = 0 (Timeout)
26917 gettimeofday({1396215255, 718273}, NULL) = 0
26917 select(0, NULL, NULL, NULL, {1, 0}) = 0 (Timeout)
26917 gettimeofday({1396215256, 726117}, NULL) = 0
26917 select(0, NULL, NULL, NULL, {1, 0}) = 0 (Timeout)
26917 gettimeofday({1396215257, 735894}, NULL) = 0
26917 select(0, NULL, NULL, NULL, {1, 0}) = 0 (Timeout)
26917 gettimeofday({1396215258, 747454}, NULL) = 0
26917 select(0, NULL, NULL, NULL, {1, 0}) = 0 (Timeout)
26917 gettimeofday({1396215259, 763518}, NULL) = 0
26917 select(0, NULL, NULL, NULL, {1, 0} <unfinished ...>
